[2026-02-11 22:48:35] [INFO] Вебхук: счет обновлен
{
    "catalog_element_id": 718727,
    "catalog_id": 13127
}
--------------------------------------------------------------------------------
[2026-02-11 22:48:37] [INFO] ✓ Сделка найдена через массовый API links
{
    "lead_id": 29382117,
    "total_checked": 50,
    "total_processed": 250
}
--------------------------------------------------------------------------------
[2026-02-11 22:48:37] [INFO] Сделка найдена
{
    "lead_id": 29382117,
    "total_checked": 50
}
--------------------------------------------------------------------------------
[2026-02-11 22:48:37] [INFO] clientId получен через GetStudents
{
    "profile_id": "22209",
    "clientId": 4044
}
--------------------------------------------------------------------------------
[2026-02-11 22:48:37] [INFO] clientId найден в сделке
{
    "lead_id": 29382117,
    "clientId": 4044,
    "profile_link": "https://evrasia20.t8s.ru/Profile/22209"
}
--------------------------------------------------------------------------------
[2026-02-11 22:48:37] [INFO] Формирование параметров для AddPayment
{
    "clientId": 4044,
    "officeOrCompanyId": 2,
    "amount": 1220,
    "date_iso": "2026-02-11T22:48:37+03:00",
    "has_payment_link": true,
    "payment_link": "OfOifVX7..."
}
--------------------------------------------------------------------------------
[2026-02-11 22:48:37] [INFO] Определение способа оплаты и статуса
{
    "payment_link": "OfOifVX7...",
    "payment_method_id": 23,
    "payment_method_name": "Тбанк (23)",
    "payment_state": "Unconfirmed"
}
--------------------------------------------------------------------------------
[2026-02-11 22:48:37] [INFO] Оплата успешно записана
{
    "clientId": 4044,
    "amount": 1220,
    "paymentMethodId": 23
}
--------------------------------------------------------------------------------
[2026-02-11 22:48:39] [INFO] Вебхук: счет обновлен
{
    "catalog_element_id": 718727,
    "catalog_id": 13127
}
--------------------------------------------------------------------------------
[2026-02-11 22:48:40] [INFO] ✓ Сделка найдена через массовый API links
{
    "lead_id": 29382117,
    "total_checked": 50,
    "total_processed": 250
}
--------------------------------------------------------------------------------
[2026-02-11 22:48:40] [INFO] Сделка найдена
{
    "lead_id": 29382117,
    "total_checked": 50
}
--------------------------------------------------------------------------------
[2026-02-11 22:48:41] [INFO] clientId получен через GetStudents
{
    "profile_id": "22209",
    "clientId": 4044
}
--------------------------------------------------------------------------------
[2026-02-11 22:48:41] [INFO] clientId найден в сделке
{
    "lead_id": 29382117,
    "clientId": 4044,
    "profile_link": "https://evrasia20.t8s.ru/Profile/22209"
}
--------------------------------------------------------------------------------
[2026-02-11 22:48:41] [INFO] Формирование параметров для AddPayment
{
    "clientId": 4044,
    "officeOrCompanyId": 2,
    "amount": 1220,
    "date_iso": "2026-02-11T22:48:00+03:00",
    "has_payment_link": false,
    "payment_link": null
}
--------------------------------------------------------------------------------
[2026-02-11 22:48:41] [INFO] Определение способа оплаты и статуса
{
    "payment_link": null,
    "payment_method_id": 19,
    "payment_method_name": "ПСБ (19)",
    "payment_state": "Unconfirmed"
}
--------------------------------------------------------------------------------
[2026-02-11 22:48:41] [INFO] Оплата успешно записана
{
    "clientId": 4044,
    "amount": 1220,
    "paymentMethodId": 19
}
--------------------------------------------------------------------------------
[2026-02-11 22:54:52] [INFO] Вебхук: счет обновлен
{
    "catalog_element_id": 718727,
    "catalog_id": 13127
}
--------------------------------------------------------------------------------
[2026-02-11 22:54:53] [INFO] ✓ Сделка найдена через массовый API links
{
    "lead_id": 29382117,
    "total_checked": 50,
    "total_processed": 250
}
--------------------------------------------------------------------------------
[2026-02-11 22:54:53] [INFO] Сделка найдена
{
    "lead_id": 29382117,
    "total_checked": 50
}
--------------------------------------------------------------------------------
[2026-02-11 22:54:54] [INFO] clientId получен через GetStudents
{
    "profile_id": "22209",
    "clientId": 4044
}
--------------------------------------------------------------------------------
[2026-02-11 22:54:54] [INFO] clientId найден в сделке
{
    "lead_id": 29382117,
    "clientId": 4044,
    "profile_link": "https://evrasia20.t8s.ru/Profile/22209"
}
--------------------------------------------------------------------------------
[2026-02-11 22:54:54] [INFO] Формирование параметров для AddPayment
{
    "clientId": 4044,
    "officeOrCompanyId": 2,
    "amount": 1220,
    "date_iso": "2026-02-11T22:54:53+03:00",
    "has_payment_link": true,
    "payment_link": "OfOifVX7..."
}
--------------------------------------------------------------------------------
[2026-02-11 22:54:54] [INFO] Определение способа оплаты и статуса
{
    "payment_link": "OfOifVX7...",
    "payment_method_id": 23,
    "payment_method_name": "Тбанк (23)",
    "payment_state": "Paid"
}
--------------------------------------------------------------------------------
[2026-02-11 22:54:54] [INFO] Оплата успешно записана
{
    "clientId": 4044,
    "amount": 1220,
    "paymentMethodId": 23
}
--------------------------------------------------------------------------------
[2026-02-11 22:54:56] [INFO] Вебхук: счет обновлен
{
    "catalog_element_id": 718727,
    "catalog_id": 13127
}
--------------------------------------------------------------------------------
[2026-02-11 22:54:57] [INFO] ✓ Сделка найдена через массовый API links
{
    "lead_id": 29382117,
    "total_checked": 50,
    "total_processed": 250
}
--------------------------------------------------------------------------------
[2026-02-11 22:54:57] [INFO] Сделка найдена
{
    "lead_id": 29382117,
    "total_checked": 50
}
--------------------------------------------------------------------------------
[2026-02-11 22:54:58] [INFO] clientId получен через GetStudents
{
    "profile_id": "22209",
    "clientId": 4044
}
--------------------------------------------------------------------------------
[2026-02-11 22:54:58] [INFO] clientId найден в сделке
{
    "lead_id": 29382117,
    "clientId": 4044,
    "profile_link": "https://evrasia20.t8s.ru/Profile/22209"
}
--------------------------------------------------------------------------------
[2026-02-11 22:54:58] [INFO] Формирование параметров для AddPayment
{
    "clientId": 4044,
    "officeOrCompanyId": 2,
    "amount": 1220,
    "date_iso": "2026-02-11T22:54:00+03:00",
    "has_payment_link": false,
    "payment_link": null
}
--------------------------------------------------------------------------------
[2026-02-11 22:54:58] [INFO] Определение способа оплаты и статуса
{
    "payment_link": null,
    "payment_method_id": 19,
    "payment_method_name": "ПСБ (19)",
    "payment_state": "Paid"
}
--------------------------------------------------------------------------------
[2026-02-11 22:54:58] [INFO] Оплата успешно записана
{
    "clientId": 4044,
    "amount": 1220,
    "paymentMethodId": 19
}
--------------------------------------------------------------------------------
